<?xml version="1.0" encoding="UTF-8"?>
<!-- Generated by org.testng.reporters.JUnitXMLReporter -->
<testsuite hostname="Afsanas-MacBook-Pro.local" name="Running Smoke suite in Firefox" tests="1" failures="1" timestamp="28 Aug 2020 22:10:19 GMT" time="16.265" errors="0">
  <testcase name="loginWithValidCredentialUsingEmailTest" time="3.238" classname="Test_Cases.Sign_in_test">
    <failure type="org.openqa.selenium.NoSuchWindowException" message="Browsing context has been discarded
Build info: version: &amp;apos;3.141.59&amp;apos;, revision: &amp;apos;e82be7d358&amp;apos;, time: &amp;apos;2018-11-14T08:25:48&amp;apos;
System info: host: &amp;apos;Afsanas-MacBook-Pro.local&amp;apos;, ip: &amp;apos;2601:48:c504:fd0:ccbf:2c2d:d927:ccb7%en0&amp;apos;, os.name: &amp;apos;Mac OS X&amp;apos;, os.arch: &amp;apos;x86_64&amp;apos;, os.version: &amp;apos;10.15.6&amp;apos;, java.version: &amp;apos;1.8.0_241&amp;apos;
Driver info: org.openqa.selenium.firefox.FirefoxDriver
Capabilities {acceptInsecureCerts: true, browserName: firefox, browserVersion: 79.0, javascriptEnabled: true, moz:accessibilityChecks: false, moz:buildID: 20200720193547, moz:geckodriverVersion: 0.27.0, moz:headless: false, moz:processID: 6487, moz:profile: /var/folders/pb/p_sklz717zj..., moz:shutdownTimeout: 60000, moz:useNonSpecCompliantPointerOrigin: false, moz:webdriverClick: true, pageLoadStrategy: normal, platform: MAC, platformName: MAC, platformVersion: 19.6.0, rotatable: false, setWindowRect: true, strictFileInteractability: false, timeouts: {implicit: 0, pageLoad: 300000, script: 30000}, unhandledPromptBehavior: dismiss and notify}
Session ID: 27565e9e-588d-374e-8ec4-9fc810318111
*** Element info: {Using=xpath, value=//*[@id=&amp;quot;ybar-inner-wrap&amp;quot;]/div[3]/div/div[3]/div[1]/div/label}">
      <![CDATA[org.openqa.selenium.NoSuchWindowException: Browsing context has been discarded
Build info: version: '3.141.59', revision: 'e82be7d358', time: '2018-11-14T08:25:48'
System info: host: 'Afsanas-MacBook-Pro.local', ip: '2601:48:c504:fd0:ccbf:2c2d:d927:ccb7%en0', os.name: 'Mac OS X', os.arch: 'x86_64', os.version: '10.15.6', java.version: '1.8.0_241'
Driver info: org.openqa.selenium.firefox.FirefoxDriver
Capabilities {acceptInsecureCerts: true, browserName: firefox, browserVersion: 79.0, javascriptEnabled: true, moz:accessibilityChecks: false, moz:buildID: 20200720193547, moz:geckodriverVersion: 0.27.0, moz:headless: false, moz:processID: 6487, moz:profile: /var/folders/pb/p_sklz717zj..., moz:shutdownTimeout: 60000, moz:useNonSpecCompliantPointerOrigin: false, moz:webdriverClick: true, pageLoadStrategy: normal, platform: MAC, platformName: MAC, platformVersion: 19.6.0, rotatable: false, setWindowRect: true, strictFileInteractability: false, timeouts: {implicit: 0, pageLoad: 300000, script: 30000}, unhandledPromptBehavior: dismiss and notify}
Session ID: 27565e9e-588d-374e-8ec4-9fc810318111
*** Element info: {Using=xpath, value=//*[@id="ybar-inner-wrap"]/div[3]/div/div[3]/div[1]/div/label}
	at org.openqa.selenium.remote.http.W3CHttpResponseCodec.createException(W3CHttpResponseCodec.java:187)
	at org.openqa.selenium.remote.http.W3CHttpResponseCodec.decode(W3CHttpResponseCodec.java:122)
	at org.openqa.selenium.remote.http.W3CHttpResponseCodec.decode(W3CHttpResponseCodec.java:49)
	at org.openqa.selenium.remote.HttpCommandExecutor.execute(HttpCommandExecutor.java:158)
	at org.openqa.selenium.remote.service.DriverCommandExecutor.execute(DriverCommandExecutor.java:83)
	at org.openqa.selenium.remote.RemoteWebDriver.execute(RemoteWebDriver.java:552)
	at org.openqa.selenium.remote.RemoteWebDriver.findElement(RemoteWebDriver.java:323)
	at org.openqa.selenium.remote.RemoteWebDriver.findElementByXPath(RemoteWebDriver.java:428)
	at org.openqa.selenium.By$ByXPath.findElement(By.java:353)
	at org.openqa.selenium.remote.RemoteWebDriver.findElement(RemoteWebDriver.java:315)
	at Test_Cases.Sign_in_test.loginWithValidCredentialUsingEmailTest(Sign_in_test.java:30)
... Removed 28 stack frames]]>
    </failure>
  </testcase> <!-- loginWithValidCredentialUsingEmailTest -->
</testsuite> <!-- Running Smoke suite in Firefox -->
