<?xml version="1.0" encoding="UTF-8"?>
<!-- Generated by org.testng.reporters.JUnitXMLReporter -->
<testsuite hostname="Afsanas-MacBook-Pro.local" name="Running Smoke suite in chrome" tests="2" failures="0" timestamp="26 Sep 2020 01:26:07 GMT" time="37.46" errors="0">
  <testcase name="Sucessfully_sent_mail_Test" time="17.51" classname="Test_Cases.Successfully_sent_mail_test$Sign_in_test"/>
  <testcase name="Sucessfully_delete_mail_Test" time="12.986" classname="Test_Cases.Successfully_delete_mail$Sign_in_test"/>
</testsuite> <!-- Running Smoke suite in chrome -->
