<?xml version="1.0" encoding="UTF-8"?>
<testng-results skipped="0" failed="0" total="2" passed="2">
  <reporter-output>
  </reporter-output>
  <suite name="yahoo.com - Smoke_Test" duration-ms="37460" started-at="2020-09-26T01:25:30Z" finished-at="2020-09-26T01:26:07Z">
    <groups>
    </groups>
    <test name="Running Smoke suite in chrome" duration-ms="37460" started-at="2020-09-26T01:25:30Z" finished-at="2020-09-26T01:26:07Z">
      <class name="Test_Cases.Successfully_sent_mail_test$Sign_in_test">
        <test-method status="PASS" signature="startTestSuite()[pri:0, instance:Test_Cases.Successfully_sent_mail_test$Sign_in_test@15bb6bea]" name="startTestSuite" is-config="true" duration-ms="27" started-at="2020-09-25T21:25:30Z" finished-at="2020-09-25T21:25:30Z">
          <reporter-output>
          </reporter-output>
        </test-method> <!-- startTestSuite -->
        <test-method status="PASS" signature="beforeEachTestMethod(java.lang.String)[pri:0, instance:Test_Cases.Successfully_sent_mail_test$Sign_in_test@15bb6bea]" name="beforeEachTestMethod" is-config="true" duration-ms="3525" started-at="2020-09-25T21:25:30Z" finished-at="2020-09-25T21:25:33Z">
          <params>
            <param index="0">
              <value>
                <![CDATA[ch]]>
              </value>
            </param>
          </params>
          <reporter-output>
          </reporter-output>
        </test-method> <!-- beforeEachTestMethod -->
        <test-method status="PASS" signature="Sucessfully_sent_mail_Test()[pri:0, instance:Test_Cases.Successfully_sent_mail_test$Sign_in_test@15bb6bea]" name="Sucessfully_sent_mail_Test" duration-ms="17510" started-at="2020-09-25T21:25:33Z" finished-at="2020-09-25T21:25:51Z">
          <reporter-output>
          </reporter-output>
        </test-method> <!-- Sucessfully_sent_mail_Test -->
        <test-method status="PASS" signature="afterEachTestMethod()[pri:0, instance:Test_Cases.Successfully_sent_mail_test$Sign_in_test@15bb6bea]" name="afterEachTestMethod" is-config="true" duration-ms="206" started-at="2020-09-25T21:25:51Z" finished-at="2020-09-25T21:25:51Z">
          <reporter-output>
          </reporter-output>
        </test-method> <!-- afterEachTestMethod -->
        <test-method status="PASS" signature="tearDown()[pri:0, instance:Test_Cases.Successfully_sent_mail_test$Sign_in_test@15bb6bea]" name="tearDown" is-config="true" duration-ms="16" started-at="2020-09-25T21:26:07Z" finished-at="2020-09-25T21:26:07Z">
          <reporter-output>
          </reporter-output>
        </test-method> <!-- tearDown -->
      </class> <!-- Test_Cases.Successfully_sent_mail_test$Sign_in_test -->
      <class name="Test_Cases.Successfully_delete_mail$Sign_in_test">
        <test-method status="PASS" signature="beforeEachTestMethod(java.lang.String)[pri:0, instance:Test_Cases.Successfully_delete_mail$Sign_in_test@8b96fde]" name="beforeEachTestMethod" is-config="true" duration-ms="3095" started-at="2020-09-25T21:25:51Z" finished-at="2020-09-25T21:25:54Z">
          <params>
            <param index="0">
              <value>
                <![CDATA[ch]]>
              </value>
            </param>
          </params>
          <reporter-output>
          </reporter-output>
        </test-method> <!-- beforeEachTestMethod -->
        <test-method status="PASS" signature="Sucessfully_delete_mail_Test()[pri:0, instance:Test_Cases.Successfully_delete_mail$Sign_in_test@8b96fde]" name="Sucessfully_delete_mail_Test" duration-ms="12986" started-at="2020-09-25T21:25:54Z" finished-at="2020-09-25T21:26:07Z">
          <reporter-output>
          </reporter-output>
        </test-method> <!-- Sucessfully_delete_mail_Test -->
        <test-method status="PASS" signature="afterEachTestMethod()[pri:0, instance:Test_Cases.Successfully_delete_mail$Sign_in_test@8b96fde]" name="afterEachTestMethod" is-config="true" duration-ms="127" started-at="2020-09-25T21:26:07Z" finished-at="2020-09-25T21:26:07Z">
          <reporter-output>
          </reporter-output>
        </test-method> <!-- afterEachTestMethod -->
      </class> <!-- Test_Cases.Successfully_delete_mail$Sign_in_test -->
    </test> <!-- Running Smoke suite in chrome -->
  </suite> <!-- yahoo.com - Smoke_Test -->
</testng-results>
